<?xml version="1.0" encoding="UTF-8"?>
<testng-results skipped="0" failed="0" ignored="0" total="1" passed="1">
  <reporter-output>
  </reporter-output>
  <suite name="Default suite" duration-ms="197" started-at="2020-05-09T18:12:34 IST" finished-at="2020-05-09T18:12:34 IST">
    <groups>
    </groups>
    <test name="Default test" duration-ms="197" started-at="2020-05-09T18:12:34 IST" finished-at="2020-05-09T18:12:34 IST">
      <class name="com.test.DemoTest">
        <test-method status="PASS" signature="demo()[pri:0, instance:com.test.DemoTest@30b8a058]" name="demo" duration-ms="42" started-at="2020-05-09T18:12:34 IST" finished-at="2020-05-09T18:12:34 IST">
          <reporter-output>
          </reporter-output>
        </test-method> <!-- demo -->
      </class> <!-- com.test.DemoTest -->
    </test> <!-- Default test -->
  </suite> <!-- Default suite -->
</testng-results>
